<?xml version="1.0" encoding="UTF-8"?>
<testsuite xmlns:xsi="http://www.w3.org/2001/XMLSchema-instance" xsi:schemaLocation="https://maven.apache.org/surefire/maven-surefire-plugin/xsd/surefire-test-report.xsd" name="muni.fi.dp.jz.jbatch.batchapi.BatchExecutionBeanTest" time="9.672" tests="29" errors="0" skipped="0" failures="0">
  <properties>
[...]
</properties>
  <testcase name="testGetJobInstancesNullJob" classname="muni.fi.dp.jz.jbatch.batchapi.BatchExecutionBeanTest" time="0.255"/>
  <testcase name="testStopNegativeExucitonId" classname="muni.fi.dp.jz.jbatch.batchapi.BatchExecutionBeanTest" time="0.038"/>
  <testcase name="testGetStepExucitonNegative" classname="muni.fi.dp.jz.jbatch.batchapi.BatchExecutionBeanTest" time="0.033"/>
  <testcase name="testRestartExucitonIdZero" classname="muni.fi.dp.jz.jbatch.batchapi.BatchExecutionBeanTest" time="0.029"/>
  <testcase name="testSubmitInvalidJobName" classname="muni.fi.dp.jz.jbatch.batchapi.BatchExecutionBeanTest" time="0.053"/>
  <testcase name="testGetJobInstancesInvalidJob" classname="muni.fi.dp.jz.jbatch.batchapi.BatchExecutionBeanTest" time="0.06"/>
  <testcase name="testSubmitNullJob" classname="muni.fi.dp.jz.jbatch.batchapi.BatchExecutionBeanTest" time="0.02"/>
  <testcase name="testGetJobInstanceCountNullJob" classname="muni.fi.dp.jz.jbatch.batchapi.BatchExecutionBeanTest" time="0.025"/>
  <testcase name="testGetInstanceCountInvalidJob" classname="muni.fi.dp.jz.jbatch.batchapi.BatchExecutionBeanTest" time="0.027"/>
  <testcase name="testGetJobExecutionsNullJob" classname="muni.fi.dp.jz.jbatch.batchapi.BatchExecutionBeanTest" time="0.02"/>
  <testcase name="testRestartInvalidId" classname="muni.fi.dp.jz.jbatch.batchapi.BatchExecutionBeanTest" time="0.029"/>
  <testcase name="testGetExecutionInvalidId" classname="muni.fi.dp.jz.jbatch.batchapi.BatchExecutionBeanTest" time="0.026"/>
  <testcase name="testGetExecutionExucitonIdZero" classname="muni.fi.dp.jz.jbatch.batchapi.BatchExecutionBeanTest" time="0.019"/>
  <testcase name="testGetStepExucitonInvalidId" classname="muni.fi.dp.jz.jbatch.batchapi.BatchExecutionBeanTest" time="0.026"/>
  <testcase name="testStopInvalidId" classname="muni.fi.dp.jz.jbatch.batchapi.BatchExecutionBeanTest" time="0.023"/>
  <testcase name="testSubmitJob" classname="muni.fi.dp.jz.jbatch.batchapi.BatchExecutionBeanTest" time="0.066"/>
  <testcase name="testGetJobExecution" classname="muni.fi.dp.jz.jbatch.batchapi.BatchExecutionBeanTest" time="0.015"/>
  <testcase name="testRestartJob" classname="muni.fi.dp.jz.jbatch.batchapi.BatchExecutionBeanTest" time="0.019"/>
  <testcase name="testAbandon" classname="muni.fi.dp.jz.jbatch.batchapi.BatchExecutionBeanTest" time="0.016"/>
  <testcase name="testGetStepExecutions" classname="muni.fi.dp.jz.jbatch.batchapi.BatchExecutionBeanTest" time="0.016"/>
  <testcase name="testGetJobInstances_String" classname="muni.fi.dp.jz.jbatch.batchapi.BatchExecutionBeanTest" time="0.014"/>
  <testcase name="testGetJobInstanceCount" classname="muni.fi.dp.jz.jbatch.batchapi.BatchExecutionBeanTest" time="0.015"/>
  <testcase name="testGetJobNames" classname="muni.fi.dp.jz.jbatch.batchapi.BatchExecutionBeanTest" time="0.014"/>
  <testcase name="testGetJobInstance" classname="muni.fi.dp.jz.jbatch.batchapi.BatchExecutionBeanTest" time="0.014"/>
  <testcase name="testGetJobExecutions" classname="muni.fi.dp.jz.jbatch.batchapi.BatchExecutionBeanTest" time="0.017"/>
  <testcase name="testGetJobInstances_3args" classname="muni.fi.dp.jz.jbatch.batchapi.BatchExecutionBeanTest" time="0.018"/>
  <testcase name="testGetRunningExecutions" classname="muni.fi.dp.jz.jbatch.batchapi.BatchExecutionBeanTest" time="0.014"/>
  <testcase name="testGetParameters" classname="muni.fi.dp.jz.jbatch.batchapi.BatchExecutionBeanTest" time="0.013"/>
  <testcase name="testStop" classname="muni.fi.dp.jz.jbatch.batchapi.BatchExecutionBeanTest" time="0.015"/>
</testsuite>